# JRE version: OpenJDK Runtime Environment (8.0_272-b10) (build 1.8.0_272-b10)
# Java VM: OpenJDK 64-Bit Server VM (25.272-b10 mixed mode windows-amd64 compressed oops)
Heap:
 PSYoungGen      total 161280K, used 47718K [0x00000000f5580000, 0x0000000100000000, 0x0000000100000000)
  eden space 148480K, 23% used [0x00000000f5580000,0x00000000f779bfd0,0x00000000fe680000)
  from space 12800K, 99% used [0x00000000fe680000,0x00000000ff2fdbf0,0x00000000ff300000)
  to   space 13312K, 0% used [0x00000000ff300000,0x00000000ff300000,0x0000000100000000)
 ParOldGen       total 175104K, used 20609K [0x00000000e0000000, 0x00000000eab00000, 0x00000000f5580000)
  object space 175104K, 11% used [0x00000000e0000000,0x00000000e14206f8,0x00000000eab00000)
 Metaspace       used 51487K, capacity 53494K, committed 53632K, reserved 1095680K
  class space    used 6963K, capacity 7505K, committed 7552K, reserved 1048576K
GC Heap History (10 events):
Event: 8.693 GC heap before
{Heap before GC invocations=7 (full 1):
 PSYoungGen      total 76288K, used 75556K [0x00000000f5580000, 0x00000000fd580000, 0x0000000100000000)
  eden space 65536K, 100% used [0x00000000f5580000,0x00000000f9580000,0x00000000f9580000)
  from space 10752K, 93% used [0x00000000f9580000,0x00000000f9f491a8,0x00000000fa000000)
  to   space 12800K, 0% used [0x00000000fc900000,0x00000000fc900000,0x00000000fd580000)
 ParOldGen       total 175104K, used 7158K [0x00000000e0000000, 0x00000000eab00000, 0x00000000f5580000)
  object space 175104K, 4% used [0x00000000e0000000,0x00000000e06fd970,0x00000000eab00000)
 Metaspace       used 34192K, capacity 35026K, committed 35200K, reserved 1079296K
  class space    used 4648K, capacity 4918K, committed 4992K, reserved 1048576K
Event: 8.703 GC heap after
Heap after GC invocations=7 (full 1):
 PSYoungGen      total 113152K, used 10115K [0x00000000f5580000, 0x00000000fd380000, 0x0000000100000000)
  eden space 102400K, 0% used [0x00000000f5580000,0x00000000f5580000,0x00000000fb980000)
  from space 10752K, 94% used [0x00000000fc900000,0x00000000fd2e0e08,0x00000000fd380000)
  to   space 13312K, 0% used [0x00000000fb980000,0x00000000fb980000,0x00000000fc680000)
 ParOldGen       total 175104K, used 7166K [0x00000000e0000000, 0x00000000eab00000, 0x00000000f5580000)
  object space 175104K, 4% used [0x00000000e0000000,0x00000000e06ff970,0x00000000eab00000)
 Metaspace       used 34192K, capacity 35026K, committed 35200K, reserved 1079296K
  class space    used 4648K, capacity 4918K, committed 4992K, reserved 1048576K
}
Event: 8.765 GC heap before
{Heap before GC invocations=8 (full 1):
 PSYoungGen      total 113152K, used 17296K [0x00000000f5580000, 0x00000000fd380000, 0x0000000100000000)
  eden space 102400K, 7% used [0x00000000f5580000,0x00000000f5c832e8,0x00000000fb980000)
  from space 10752K, 94% used [0x00000000fc900000,0x00000000fd2e0e08,0x00000000fd380000)
  to   space 13312K, 0% used [0x00000000fb980000,0x00000000fb980000,0x00000000fc680000)
 ParOldGen       total 175104K, used 7166K [0x00000000e0000000, 0x00000000eab00000, 0x00000000f5580000)
  object space 175104K, 4% used [0x00000000e0000000,0x00000000e06ff970,0x00000000eab00000)
 Metaspace       used 34549K, capacity 35320K, committed 35456K, reserved 1079296K
  class space    used 4711K, capacity 4951K, committed 4992K, reserved 1048576K
Event: 8.771 GC heap after
Heap after GC invocations=8 (full 1):
 PSYoungGen      total 115712K, used 7869K [0x00000000f5580000, 0x0000000100000000, 0x0000000100000000)
  eden space 102400K, 0% used [0x00000000f5580000,0x00000000f5580000,0x00000000fb980000)
  from space 13312K, 59% used [0x00000000fb980000,0x00000000fc12f6e0,0x00000000fc680000)
  to   space 12800K, 0% used [0x00000000ff380000,0x00000000ff380000,0x0000000100000000)
 ParOldGen       total 175104K, used 7174K [0x00000000e0000000, 0x00000000eab00000, 0x00000000f5580000)
  object space 175104K, 4% used [0x00000000e0000000,0x00000000e0701970,0x00000000eab00000)
 Metaspace       used 34549K, capacity 35320K, committed 35456K, reserved 1079296K
  class space    used 4711K, capacity 4951K, committed 4992K, reserved 1048576K
}
Event: 8.771 GC heap before
{Heap before GC invocations=9 (full 2):
 PSYoungGen      total 115712K, used 7869K [0x00000000f5580000, 0x0000000100000000, 0x0000000100000000)
  eden space 102400K, 0% used [0x00000000f5580000,0x00000000f5580000,0x00000000fb980000)
  from space 13312K, 59% used [0x00000000fb980000,0x00000000fc12f6e0,0x00000000fc680000)
  to   space 12800K, 0% used [0x00000000ff380000,0x00000000ff380000,0x0000000100000000)
 ParOldGen       total 175104K, used 7174K [0x00000000e0000000, 0x00000000eab00000, 0x00000000f5580000)
  object space 175104K, 4% used [0x00000000e0000000,0x00000000e0701970,0x00000000eab00000)
 Metaspace       used 34549K, capacity 35320K, committed 35456K, reserved 1079296K
  class space    used 4711K, capacity 4951K, committed 4992K, reserved 1048576K
Event: 8.817 GC heap after
Heap after GC invocations=9 (full 2):
 PSYoungGen      total 115712K, used 0K [0x00000000f5580000, 0x0000000100000000, 0x0000000100000000)
  eden space 102400K, 0% used [0x00000000f5580000,0x00000000f5580000,0x00000000fb980000)
  from space 13312K, 0% used [0x00000000fb980000,0x00000000fb980000,0x00000000fc680000)
  to   space 12800K, 0% used [0x00000000ff380000,0x00000000ff380000,0x0000000100000000)
 ParOldGen       total 175104K, used 14231K [0x00000000e0000000, 0x00000000eab00000, 0x00000000f5580000)
  object space 175104K, 8% used [0x00000000e0000000,0x00000000e0de5cf8,0x00000000eab00000)
 Metaspace       used 34546K, capacity 35314K, committed 35456K, reserved 1079296K
  class space    used 4709K, capacity 4949K, committed 4992K, reserved 1048576K
}
Event: 10.163 GC heap before
{Heap before GC invocations=10 (full 2):
 PSYoungGen      total 115712K, used 102400K [0x00000000f5580000, 0x0000000100000000, 0x0000000100000000)
  eden space 102400K, 100% used [0x00000000f5580000,0x00000000fb980000,0x00000000fb980000)
  from space 13312K, 0% used [0x00000000fb980000,0x00000000fb980000,0x00000000fc680000)
  to   space 12800K, 0% used [0x00000000ff380000,0x00000000ff380000,0x0000000100000000)
 ParOldGen       total 175104K, used 14231K [0x00000000e0000000, 0x00000000eab00000, 0x00000000f5580000)
  object space 175104K, 8% used [0x00000000e0000000,0x00000000e0de5cf8,0x00000000eab00000)
 Metaspace       used 38725K, capacity 40166K, committed 40320K, reserved 1083392K
  class space    used 5350K, capacity 5742K, committed 5760K, reserved 1048576K
Event: 10.171 GC heap after
Heap after GC invocations=10 (full 2):
 PSYoungGen      total 160768K, used 7512K [0x00000000f5580000, 0x00000000fff80000, 0x0000000100000000)
  eden space 148480K, 0% used [0x00000000f5580000,0x00000000f5580000,0x00000000fe680000)
  from space 12288K, 61% used [0x00000000ff380000,0x00000000ffad62a8,0x00000000fff80000)
  to   space 12800K, 0% used [0x00000000fe680000,0x00000000fe680000,0x00000000ff300000)
 ParOldGen       total 175104K, used 14239K [0x00000000e0000000, 0x00000000eab00000, 0x00000000f5580000)
  object space 175104K, 8% used [0x00000000e0000000,0x00000000e0de7cf8,0x00000000eab00000)
 Metaspace       used 38725K, capacity 40166K, committed 40320K, reserved 1083392K
  class space    used 5350K, capacity 5742K, committed 5760K, reserved 1048576K
}
Event: 12.640 GC heap before
{Heap before GC invocations=11 (full 2):
 PSYoungGen      total 160768K, used 155992K [0x00000000f5580000, 0x00000000fff80000, 0x0000000100000000)
  eden space 148480K, 100% used [0x00000000f5580000,0x00000000fe680000,0x00000000fe680000)
  from space 12288K, 61% used [0x00000000ff380000,0x00000000ffad62a8,0x00000000fff80000)
  to   space 12800K, 0% used [0x00000000fe680000,0x00000000fe680000,0x00000000ff300000)
 ParOldGen       total 175104K, used 14239K [0x00000000e0000000, 0x00000000eab00000, 0x00000000f5580000)
  object space 175104K, 8% used [0x00000000e0000000,0x00000000e0de7cf8,0x00000000eab00000)
 Metaspace       used 50512K, capacity 52424K, committed 52608K, reserved 1095680K
  class space    used 6821K, capacity 7277K, committed 7296K, reserved 1048576K
Event: 12.658 GC heap after
Heap after GC invocations=11 (full 2):
 PSYoungGen      total 161280K, used 12790K [0x00000000f5580000, 0x0000000100000000, 0x0000000100000000)
  eden space 148480K, 0% used [0x00000000f5580000,0x00000000f5580000,0x00000000fe680000)
  from space 12800K, 99% used [0x00000000fe680000,0x00000000ff2fdbf0,0x00000000ff300000)
  to   space 13312K, 0% used [0x00000000ff300000,0x00000000ff300000,0x0000000100000000)
 ParOldGen       total 175104K, used 20609K [0x00000000e0000000, 0x00000000eab00000, 0x00000000f5580000)
  object space 175104K, 11% used [0x00000000e0000000,0x00000000e14206f8,0x00000000eab00000)
 Metaspace       used 50512K, capacity 52424K, committed 52608K, reserved 1095680K
  class space    used 6821K, capacity 7277K, committed 7296K, reserved 1048576K
}

