# JRE version: OpenJDK Runtime Environment (8.0_272-b10) (build 1.8.0_272-b10)
# Java VM: OpenJDK 64-Bit Server VM (25.272-b10 mixed mode windows-amd64 compressed oops)
Heap:
 PSYoungGen      total 115200K, used 47103K [0x00000000f5580000, 0x0000000100000000, 0x0000000100000000)
  eden space 102912K, 45% used [0x00000000f5580000,0x00000000f837fd10,0x00000000fba00000)
  from space 12288K, 0% used [0x00000000fba00000,0x00000000fba00000,0x00000000fc600000)
  to   space 12800K, 0% used [0x00000000ff380000,0x00000000ff380000,0x0000000100000000)
 ParOldGen       total 175104K, used 16698K [0x00000000e0000000, 0x00000000eab00000, 0x00000000f5580000)
  object space 175104K, 9% used [0x00000000e0000000,0x00000000e104eb38,0x00000000eab00000)
 Metaspace       used 35990K, capacity 37418K, committed 37760K, reserved 1081344K
  class space    used 5080K, capacity 5396K, committed 5504K, reserved 1048576K
GC Heap History (10 events):
Event: 2.784 GC heap before
{Heap before GC invocations=5 (full 1):
 PSYoungGen      total 76288K, used 7416K [0x00000000f5580000, 0x00000000fea80000, 0x0000000100000000)
  eden space 65536K, 0% used [0x00000000f5580000,0x00000000f5580000,0x00000000f9580000)
  from space 10752K, 68% used [0x00000000fa000000,0x00000000fa73e3f8,0x00000000faa80000)
  to   space 10752K, 0% used [0x00000000f9580000,0x00000000f9580000,0x00000000fa000000)
 ParOldGen       total 175104K, used 532K [0x00000000e0000000, 0x00000000eab00000, 0x00000000f5580000)
  object space 175104K, 0% used [0x00000000e0000000,0x00000000e00853e8,0x00000000eab00000)
 Metaspace       used 20694K, capacity 21258K, committed 21296K, reserved 1067008K
  class space    used 2979K, capacity 3163K, committed 3200K, reserved 1048576K
Event: 2.812 GC heap after
Heap after GC invocations=5 (full 1):
 PSYoungGen      total 76288K, used 0K [0x00000000f5580000, 0x00000000fea80000, 0x0000000100000000)
  eden space 65536K, 0% used [0x00000000f5580000,0x00000000f5580000,0x00000000f9580000)
  from space 10752K, 0% used [0x00000000fa000000,0x00000000fa000000,0x00000000faa80000)
  to   space 10752K, 0% used [0x00000000f9580000,0x00000000f9580000,0x00000000fa000000)
 ParOldGen       total 175104K, used 7175K [0x00000000e0000000, 0x00000000eab00000, 0x00000000f5580000)
  object space 175104K, 4% used [0x00000000e0000000,0x00000000e0701e70,0x00000000eab00000)
 Metaspace       used 20694K, capacity 21258K, committed 21296K, reserved 1067008K
  class space    used 2979K, capacity 3163K, committed 3200K, reserved 1048576K
}
Event: 3.739 GC heap before
{Heap before GC invocations=6 (full 1):
 PSYoungGen      total 76288K, used 65536K [0x00000000f5580000, 0x00000000fea80000, 0x0000000100000000)
  eden space 65536K, 100% used [0x00000000f5580000,0x00000000f9580000,0x00000000f9580000)
  from space 10752K, 0% used [0x00000000fa000000,0x00000000fa000000,0x00000000faa80000)
  to   space 10752K, 0% used [0x00000000f9580000,0x00000000f9580000,0x00000000fa000000)
 ParOldGen       total 175104K, used 7175K [0x00000000e0000000, 0x00000000eab00000, 0x00000000f5580000)
  object space 175104K, 4% used [0x00000000e0000000,0x00000000e0701e90,0x00000000eab00000)
 Metaspace       used 29173K, capacity 29854K, committed 30080K, reserved 1075200K
  class space    used 3990K, capacity 4201K, committed 4224K, reserved 1048576K
Event: 3.745 GC heap after
Heap after GC invocations=6 (full 1):
 PSYoungGen      total 76288K, used 8423K [0x00000000f5580000, 0x00000000fd380000, 0x0000000100000000)
  eden space 65536K, 0% used [0x00000000f5580000,0x00000000f5580000,0x00000000f9580000)
  from space 10752K, 78% used [0x00000000f9580000,0x00000000f9db9cc0,0x00000000fa000000)
  to   space 11776K, 0% used [0x00000000fc800000,0x00000000fc800000,0x00000000fd380000)
 ParOldGen       total 175104K, used 7183K [0x00000000e0000000, 0x00000000eab00000, 0x00000000f5580000)
  object space 175104K, 4% used [0x00000000e0000000,0x00000000e0703e90,0x00000000eab00000)
 Metaspace       used 29173K, capacity 29854K, committed 30080K, reserved 1075200K
  class space    used 3990K, capacity 4201K, committed 4224K, reserved 1048576K
}
Event: 7.408 GC heap before
{Heap before GC invocations=7 (full 1):
 PSYoungGen      total 76288K, used 73959K [0x00000000f5580000, 0x00000000fd380000, 0x0000000100000000)
  eden space 65536K, 100% used [0x00000000f5580000,0x00000000f9580000,0x00000000f9580000)
  from space 10752K, 78% used [0x00000000f9580000,0x00000000f9db9cc0,0x00000000fa000000)
  to   space 11776K, 0% used [0x00000000fc800000,0x00000000fc800000,0x00000000fd380000)
 ParOldGen       total 175104K, used 7195K [0x00000000e0000000, 0x00000000eab00000, 0x00000000f5580000)
  object space 175104K, 4% used [0x00000000e0000000,0x00000000e0706dd0,0x00000000eab00000)
 Metaspace       used 32072K, capacity 32928K, committed 33152K, reserved 1077248K
  class space    used 4478K, capacity 4723K, committed 4736K, reserved 1048576K
Event: 7.429 GC heap after
Heap after GC invocations=7 (full 1):
 PSYoungGen      total 113152K, used 9941K [0x00000000f5580000, 0x00000000fd200000, 0x0000000100000000)
  eden space 102912K, 0% used [0x00000000f5580000,0x00000000f5580000,0x00000000fba00000)
  from space 10240K, 97% used [0x00000000fc800000,0x00000000fd1b5478,0x00000000fd200000)
  to   space 12288K, 0% used [0x00000000fba00000,0x00000000fba00000,0x00000000fc600000)
 ParOldGen       total 175104K, used 7195K [0x00000000e0000000, 0x00000000eab00000, 0x00000000f5580000)
  object space 175104K, 4% used [0x00000000e0000000,0x00000000e0706dd0,0x00000000eab00000)
 Metaspace       used 32072K, capacity 32928K, committed 33152K, reserved 1077248K
  class space    used 4478K, capacity 4723K, committed 4736K, reserved 1048576K
}
Event: 7.768 GC heap before
{Heap before GC invocations=8 (full 1):
 PSYoungGen      total 113152K, used 55480K [0x00000000f5580000, 0x00000000fd200000, 0x0000000100000000)
  eden space 102912K, 44% used [0x00000000f5580000,0x00000000f81f8e70,0x00000000fba00000)
  from space 10240K, 97% used [0x00000000fc800000,0x00000000fd1b5478,0x00000000fd200000)
  to   space 12288K, 0% used [0x00000000fba00000,0x00000000fba00000,0x00000000fc600000)
 ParOldGen       total 175104K, used 7195K [0x00000000e0000000, 0x00000000eab00000, 0x00000000f5580000)
  object space 175104K, 4% used [0x00000000e0000000,0x00000000e0706dd0,0x00000000eab00000)
 Metaspace       used 34197K, capacity 35282K, committed 35456K, reserved 1079296K
  class space    used 4809K, capacity 5128K, committed 5248K, reserved 1048576K
Event: 7.776 GC heap after
Heap after GC invocations=8 (full 1):
 PSYoungGen      total 115200K, used 10502K [0x00000000f5580000, 0x0000000100000000, 0x0000000100000000)
  eden space 102912K, 0% used [0x00000000f5580000,0x00000000f5580000,0x00000000fba00000)
  from space 12288K, 85% used [0x00000000fba00000,0x00000000fc4418c0,0x00000000fc600000)
  to   space 12800K, 0% used [0x00000000ff380000,0x00000000ff380000,0x0000000100000000)
 ParOldGen       total 175104K, used 7203K [0x00000000e0000000, 0x00000000eab00000, 0x00000000f5580000)
  object space 175104K, 4% used [0x00000000e0000000,0x00000000e0708dd0,0x00000000eab00000)
 Metaspace       used 34197K, capacity 35282K, committed 35456K, reserved 1079296K
  class space    used 4809K, capacity 5128K, committed 5248K, reserved 1048576K
}
Event: 7.776 GC heap before
{Heap before GC invocations=9 (full 2):
 PSYoungGen      total 115200K, used 10502K [0x00000000f5580000, 0x0000000100000000, 0x0000000100000000)
  eden space 102912K, 0% used [0x00000000f5580000,0x00000000f5580000,0x00000000fba00000)
  from space 12288K, 85% used [0x00000000fba00000,0x00000000fc4418c0,0x00000000fc600000)
  to   space 12800K, 0% used [0x00000000ff380000,0x00000000ff380000,0x0000000100000000)
 ParOldGen       total 175104K, used 7203K [0x00000000e0000000, 0x00000000eab00000, 0x00000000f5580000)
  object space 175104K, 4% used [0x00000000e0000000,0x00000000e0708dd0,0x00000000eab00000)
 Metaspace       used 34197K, capacity 35282K, committed 35456K, reserved 1079296K
  class space    used 4809K, capacity 5128K, committed 5248K, reserved 1048576K
Event: 7.822 GC heap after
Heap after GC invocations=9 (full 2):
 PSYoungGen      total 115200K, used 0K [0x00000000f5580000, 0x0000000100000000, 0x0000000100000000)
  eden space 102912K, 0% used [0x00000000f5580000,0x00000000f5580000,0x00000000fba00000)
  from space 12288K, 0% used [0x00000000fba00000,0x00000000fba00000,0x00000000fc600000)
  to   space 12800K, 0% used [0x00000000ff380000,0x00000000ff380000,0x0000000100000000)
 ParOldGen       total 175104K, used 16698K [0x00000000e0000000, 0x00000000eab00000, 0x00000000f5580000)
  object space 175104K, 9% used [0x00000000e0000000,0x00000000e104eb38,0x00000000eab00000)
 Metaspace       used 34197K, capacity 35282K, committed 35456K, reserved 1079296K
  class space    used 4809K, capacity 5128K, committed 5248K, reserved 1048576K
}

