# JRE version: OpenJDK Runtime Environment (8.0_272-b10) (build 1.8.0_272-b10)
# Java VM: OpenJDK 64-Bit Server VM (25.272-b10 mixed mode windows-amd64 compressed oops)
Heap:
 PSYoungGen      total 146944K, used 14821K [0x00000000f5580000, 0x0000000100000000, 0x0000000100000000)
  eden space 133632K, 11% used [0x00000000f5580000,0x00000000f63f9608,0x00000000fd800000)
  from space 13312K, 0% used [0x00000000ff300000,0x00000000ff300000,0x0000000100000000)
  to   space 20480K, 0% used [0x00000000fd800000,0x00000000fd800000,0x00000000fec00000)
 ParOldGen       total 219136K, used 35837K [0x00000000e0000000, 0x00000000ed600000, 0x00000000f5580000)
  object space 219136K, 16% used [0x00000000e0000000,0x00000000e22ff768,0x00000000ed600000)
 Metaspace       used 56805K, capacity 59284K, committed 59608K, reserved 1099776K
  class space    used 7927K, capacity 8515K, committed 8576K, reserved 1048576K
GC Heap History (10 events):
Event: 6.564 GC heap before
{Heap before GC invocations=9 (full 2):
 PSYoungGen      total 113664K, used 10472K [0x00000000f5580000, 0x0000000100000000, 0x0000000100000000)
  eden space 101376K, 0% used [0x00000000f5580000,0x00000000f5580000,0x00000000fb880000)
  from space 12288K, 85% used [0x00000000fb880000,0x00000000fc2ba110,0x00000000fc480000)
  to   space 12800K, 0% used [0x00000000ff380000,0x00000000ff380000,0x0000000100000000)
 ParOldGen       total 175104K, used 7178K [0x00000000e0000000, 0x00000000eab00000, 0x00000000f5580000)
  object space 175104K, 4% used [0x00000000e0000000,0x00000000e0702968,0x00000000eab00000)
 Metaspace       used 34277K, capacity 35308K, committed 35456K, reserved 1079296K
  class space    used 4828K, capacity 5135K, committed 5248K, reserved 1048576K
Event: 6.607 GC heap after
Heap after GC invocations=9 (full 2):
 PSYoungGen      total 113664K, used 0K [0x00000000f5580000, 0x0000000100000000, 0x0000000100000000)
  eden space 101376K, 0% used [0x00000000f5580000,0x00000000f5580000,0x00000000fb880000)
  from space 12288K, 0% used [0x00000000fb880000,0x00000000fb880000,0x00000000fc480000)
  to   space 12800K, 0% used [0x00000000ff380000,0x00000000ff380000,0x0000000100000000)
 ParOldGen       total 175104K, used 16805K [0x00000000e0000000, 0x00000000eab00000, 0x00000000f5580000)
  object space 175104K, 9% used [0x00000000e0000000,0x00000000e10695a8,0x00000000eab00000)
 Metaspace       used 34277K, capacity 35308K, committed 35456K, reserved 1079296K
  class space    used 4828K, capacity 5135K, committed 5248K, reserved 1048576K
}
Event: 7.556 GC heap before
{Heap before GC invocations=10 (full 2):
 PSYoungGen      total 113664K, used 101376K [0x00000000f5580000, 0x0000000100000000, 0x0000000100000000)
  eden space 101376K, 100% used [0x00000000f5580000,0x00000000fb880000,0x00000000fb880000)
  from space 12288K, 0% used [0x00000000fb880000,0x00000000fb880000,0x00000000fc480000)
  to   space 12800K, 0% used [0x00000000ff380000,0x00000000ff380000,0x0000000100000000)
 ParOldGen       total 175104K, used 16805K [0x00000000e0000000, 0x00000000eab00000, 0x00000000f5580000)
  object space 175104K, 9% used [0x00000000e0000000,0x00000000e10695a8,0x00000000eab00000)
 Metaspace       used 42879K, capacity 44518K, committed 44544K, reserved 1087488K
  class space    used 5956K, capacity 6378K, committed 6400K, reserved 1048576K
Event: 7.564 GC heap after
Heap after GC invocations=10 (full 2):
 PSYoungGen      total 160768K, used 11019K [0x00000000f5580000, 0x0000000100000000, 0x0000000100000000)
  eden space 147968K, 0% used [0x00000000f5580000,0x00000000f5580000,0x00000000fe600000)
  from space 12800K, 86% used [0x00000000ff380000,0x00000000ffe42f08,0x0000000100000000)
  to   space 13312K, 0% used [0x00000000fe600000,0x00000000fe600000,0x00000000ff300000)
 ParOldGen       total 175104K, used 16813K [0x00000000e0000000, 0x00000000eab00000, 0x00000000f5580000)
  object space 175104K, 9% used [0x00000000e0000000,0x00000000e106b5a8,0x00000000eab00000)
 Metaspace       used 42879K, capacity 44518K, committed 44544K, reserved 1087488K
  class space    used 5956K, capacity 6378K, committed 6400K, reserved 1048576K
}
Event: 11.528 GC heap before
{Heap before GC invocations=11 (full 2):
 PSYoungGen      total 160768K, used 158987K [0x00000000f5580000, 0x0000000100000000, 0x0000000100000000)
  eden space 147968K, 100% used [0x00000000f5580000,0x00000000fe600000,0x00000000fe600000)
  from space 12800K, 86% used [0x00000000ff380000,0x00000000ffe42f08,0x0000000100000000)
  to   space 13312K, 0% used [0x00000000fe600000,0x00000000fe600000,0x00000000ff300000)
 ParOldGen       total 175104K, used 16813K [0x00000000e0000000, 0x00000000eab00000, 0x00000000f5580000)
  object space 175104K, 9% used [0x00000000e0000000,0x00000000e106b5a8,0x00000000eab00000)
 Metaspace       used 52071K, capacity 54266K, committed 54400K, reserved 1095680K
  class space    used 7235K, capacity 7774K, committed 7808K, reserved 1048576K
Event: 11.542 GC heap after
Heap after GC invocations=11 (full 2):
 PSYoungGen      total 161280K, used 13306K [0x00000000f5580000, 0x0000000100000000, 0x0000000100000000)
  eden space 147968K, 0% used [0x00000000f5580000,0x00000000f5580000,0x00000000fe600000)
  from space 13312K, 99% used [0x00000000fe600000,0x00000000ff2febd0,0x00000000ff300000)
  to   space 13312K, 0% used [0x00000000ff300000,0x00000000ff300000,0x0000000100000000)
 ParOldGen       total 175104K, used 24353K [0x00000000e0000000, 0x00000000eab00000, 0x00000000f5580000)
  object space 175104K, 13% used [0x00000000e0000000,0x00000000e17c8550,0x00000000eab00000)
 Metaspace       used 52071K, capacity 54266K, committed 54400K, reserved 1095680K
  class space    used 7235K, capacity 7774K, committed 7808K, reserved 1048576K
}
Event: 12.684 GC heap before
{Heap before GC invocations=12 (full 2):
 PSYoungGen      total 161280K, used 88890K [0x00000000f5580000, 0x0000000100000000, 0x0000000100000000)
  eden space 147968K, 51% used [0x00000000f5580000,0x00000000f9f4fd48,0x00000000fe600000)
  from space 13312K, 99% used [0x00000000fe600000,0x00000000ff2febd0,0x00000000ff300000)
  to   space 13312K, 0% used [0x00000000ff300000,0x00000000ff300000,0x0000000100000000)
 ParOldGen       total 175104K, used 24353K [0x00000000e0000000, 0x00000000eab00000, 0x00000000f5580000)
  object space 175104K, 13% used [0x00000000e0000000,0x00000000e17c8550,0x00000000eab00000)
 Metaspace       used 56475K, capacity 58926K, committed 59096K, reserved 1099776K
  class space    used 7882K, capacity 8462K, committed 8576K, reserved 1048576K
Event: 12.698 GC heap after
Heap after GC invocations=12 (full 2):
 PSYoungGen      total 146944K, used 13289K [0x00000000f5580000, 0x0000000100000000, 0x0000000100000000)
  eden space 133632K, 0% used [0x00000000f5580000,0x00000000f5580000,0x00000000fd800000)
  from space 13312K, 99% used [0x00000000ff300000,0x00000000ffffa460,0x0000000100000000)
  to   space 20480K, 0% used [0x00000000fd800000,0x00000000fd800000,0x00000000fec00000)
 ParOldGen       total 175104K, used 31810K [0x00000000e0000000, 0x00000000eab00000, 0x00000000f5580000)
  object space 175104K, 18% used [0x00000000e0000000,0x00000000e1f10be8,0x00000000eab00000)
 Metaspace       used 56475K, capacity 58926K, committed 59096K, reserved 1099776K
  class space    used 7882K, capacity 8462K, committed 8576K, reserved 1048576K
}
Event: 12.699 GC heap before
{Heap before GC invocations=13 (full 3):
 PSYoungGen      total 146944K, used 13289K [0x00000000f5580000, 0x0000000100000000, 0x0000000100000000)
  eden space 133632K, 0% used [0x00000000f5580000,0x00000000f5580000,0x00000000fd800000)
  from space 13312K, 99% used [0x00000000ff300000,0x00000000ffffa460,0x0000000100000000)
  to   space 20480K, 0% used [0x00000000fd800000,0x00000000fd800000,0x00000000fec00000)
 ParOldGen       total 175104K, used 31810K [0x00000000e0000000, 0x00000000eab00000, 0x00000000f5580000)
  object space 175104K, 18% used [0x00000000e0000000,0x00000000e1f10be8,0x00000000eab00000)
 Metaspace       used 56475K, capacity 58926K, committed 59096K, reserved 1099776K
  class space    used 7882K, capacity 8462K, committed 8576K, reserved 1048576K
Event: 12.974 GC heap after
Heap after GC invocations=13 (full 3):
 PSYoungGen      total 146944K, used 0K [0x00000000f5580000, 0x0000000100000000, 0x0000000100000000)
  eden space 133632K, 0% used [0x00000000f5580000,0x00000000f5580000,0x00000000fd800000)
  from space 13312K, 0% used [0x00000000ff300000,0x00000000ff300000,0x0000000100000000)
  to   space 20480K, 0% used [0x00000000fd800000,0x00000000fd800000,0x00000000fec00000)
 ParOldGen       total 219136K, used 35837K [0x00000000e0000000, 0x00000000ed600000, 0x00000000f5580000)
  object space 219136K, 16% used [0x00000000e0000000,0x00000000e22ff768,0x00000000ed600000)
 Metaspace       used 56430K, capacity 58776K, committed 59096K, reserved 1099776K
  class space    used 7868K, capacity 8437K, committed 8576K, reserved 1048576K
}

