# JRE version: OpenJDK Runtime Environment (8.0_272-b10) (build 1.8.0_272-b10)
# Java VM: OpenJDK 64-Bit Server VM (25.272-b10 mixed mode windows-amd64 compressed oops)
Heap:
 PSYoungGen      total 160768K, used 124990K [0x00000000f5580000, 0x0000000100000000, 0x0000000100000000)
  eden space 147968K, 76% used [0x00000000f5580000,0x00000000fc4b80d0,0x00000000fe600000)
  from space 12800K, 86% used [0x00000000ff380000,0x00000000ffe57a80,0x0000000100000000)
  to   space 13312K, 0% used [0x00000000fe600000,0x00000000fe600000,0x00000000ff300000)
 ParOldGen       total 175104K, used 16788K [0x00000000e0000000, 0x00000000eab00000, 0x00000000f5580000)
  object space 175104K, 9% used [0x00000000e0000000,0x00000000e1065130,0x00000000eab00000)
 Metaspace       used 48654K, capacity 50662K, committed 50816K, reserved 1093632K
  class space    used 6745K, capacity 7259K, committed 7296K, reserved 1048576K
GC Heap History (10 events):
Event: 3.019 GC heap before
{Heap before GC invocations=6 (full 1):
 PSYoungGen      total 76288K, used 65536K [0x00000000f5580000, 0x00000000fea80000, 0x0000000100000000)
  eden space 65536K, 100% used [0x00000000f5580000,0x00000000f9580000,0x00000000f9580000)
  from space 10752K, 0% used [0x00000000fa000000,0x00000000fa000000,0x00000000faa80000)
  to   space 10752K, 0% used [0x00000000f9580000,0x00000000f9580000,0x00000000fa000000)
 ParOldGen       total 175104K, used 7152K [0x00000000e0000000, 0x00000000eab00000, 0x00000000f5580000)
  object space 175104K, 4% used [0x00000000e0000000,0x00000000e06fc348,0x00000000eab00000)
 Metaspace       used 29168K, capacity 29850K, committed 30080K, reserved 1075200K
  class space    used 3990K, capacity 4201K, committed 4224K, reserved 1048576K
Event: 3.024 GC heap after
Heap after GC invocations=6 (full 1):
 PSYoungGen      total 76288K, used 8331K [0x00000000f5580000, 0x00000000fd100000, 0x0000000100000000)
  eden space 65536K, 0% used [0x00000000f5580000,0x00000000f5580000,0x00000000f9580000)
  from space 10752K, 77% used [0x00000000f9580000,0x00000000f9da2d00,0x00000000fa000000)
  to   space 11776K, 0% used [0x00000000fc580000,0x00000000fc580000,0x00000000fd100000)
 ParOldGen       total 175104K, used 7160K [0x00000000e0000000, 0x00000000eab00000, 0x00000000f5580000)
  object space 175104K, 4% used [0x00000000e0000000,0x00000000e06fe348,0x00000000eab00000)
 Metaspace       used 29168K, capacity 29850K, committed 30080K, reserved 1075200K
  class space    used 3990K, capacity 4201K, committed 4224K, reserved 1048576K
}
Event: 6.335 GC heap before
{Heap before GC invocations=7 (full 1):
 PSYoungGen      total 76288K, used 73867K [0x00000000f5580000, 0x00000000fd100000, 0x0000000100000000)
  eden space 65536K, 100% used [0x00000000f5580000,0x00000000f9580000,0x00000000f9580000)
  from space 10752K, 77% used [0x00000000f9580000,0x00000000f9da2d00,0x00000000fa000000)
  to   space 11776K, 0% used [0x00000000fc580000,0x00000000fc580000,0x00000000fd100000)
 ParOldGen       total 175104K, used 7160K [0x00000000e0000000, 0x00000000eab00000, 0x00000000f5580000)
  object space 175104K, 4% used [0x00000000e0000000,0x00000000e06fe348,0x00000000eab00000)
 Metaspace       used 32069K, capacity 32860K, committed 32896K, reserved 1077248K
  class space    used 4480K, capacity 4723K, committed 4736K, reserved 1048576K
Event: 6.343 GC heap after
Heap after GC invocations=7 (full 1):
 PSYoungGen      total 109568K, used 9972K [0x00000000f5580000, 0x00000000fcf80000, 0x0000000100000000)
  eden space 99328K, 0% used [0x00000000f5580000,0x00000000f5580000,0x00000000fb680000)
  from space 10240K, 97% used [0x00000000fc580000,0x00000000fcf3d090,0x00000000fcf80000)
  to   space 12288K, 0% used [0x00000000fb780000,0x00000000fb780000,0x00000000fc380000)
 ParOldGen       total 175104K, used 7168K [0x00000000e0000000, 0x00000000eab00000, 0x00000000f5580000)
  object space 175104K, 4% used [0x00000000e0000000,0x00000000e0700348,0x00000000eab00000)
 Metaspace       used 32069K, capacity 32860K, committed 32896K, reserved 1077248K
  class space    used 4480K, capacity 4723K, committed 4736K, reserved 1048576K
}
Event: 6.609 GC heap before
{Heap before GC invocations=8 (full 1):
 PSYoungGen      total 109568K, used 57315K [0x00000000f5580000, 0x00000000fcf80000, 0x0000000100000000)
  eden space 99328K, 47% used [0x00000000f5580000,0x00000000f83bbdc0,0x00000000fb680000)
  from space 10240K, 97% used [0x00000000fc580000,0x00000000fcf3d090,0x00000000fcf80000)
  to   space 12288K, 0% used [0x00000000fb780000,0x00000000fb780000,0x00000000fc380000)
 ParOldGen       total 175104K, used 7168K [0x00000000e0000000, 0x00000000eab00000, 0x00000000f5580000)
  object space 175104K, 4% used [0x00000000e0000000,0x00000000e0700348,0x00000000eab00000)
 Metaspace       used 34271K, capacity 35308K, committed 35456K, reserved 1079296K
  class space    used 4823K, capacity 5135K, committed 5248K, reserved 1048576K
Event: 6.616 GC heap after
Heap after GC invocations=8 (full 1):
 PSYoungGen      total 112640K, used 10509K [0x00000000f5580000, 0x0000000100000000, 0x0000000100000000)
  eden space 100352K, 0% used [0x00000000f5580000,0x00000000f5580000,0x00000000fb780000)
  from space 12288K, 85% used [0x00000000fb780000,0x00000000fc1c37e0,0x00000000fc380000)
  to   space 12800K, 0% used [0x00000000ff380000,0x00000000ff380000,0x0000000100000000)
 ParOldGen       total 175104K, used 7176K [0x00000000e0000000, 0x00000000eab00000, 0x00000000f5580000)
  object space 175104K, 4% used [0x00000000e0000000,0x00000000e0702348,0x00000000eab00000)
 Metaspace       used 34271K, capacity 35308K, committed 35456K, reserved 1079296K
  class space    used 4823K, capacity 5135K, committed 5248K, reserved 1048576K
}
Event: 6.616 GC heap before
{Heap before GC invocations=9 (full 2):
 PSYoungGen      total 112640K, used 10509K [0x00000000f5580000, 0x0000000100000000, 0x0000000100000000)
  eden space 100352K, 0% used [0x00000000f5580000,0x00000000f5580000,0x00000000fb780000)
  from space 12288K, 85% used [0x00000000fb780000,0x00000000fc1c37e0,0x00000000fc380000)
  to   space 12800K, 0% used [0x00000000ff380000,0x00000000ff380000,0x0000000100000000)
 ParOldGen       total 175104K, used 7176K [0x00000000e0000000, 0x00000000eab00000, 0x00000000f5580000)
  object space 175104K, 4% used [0x00000000e0000000,0x00000000e0702348,0x00000000eab00000)
 Metaspace       used 34271K, capacity 35308K, committed 35456K, reserved 1079296K
  class space    used 4823K, capacity 5135K, committed 5248K, reserved 1048576K
Event: 6.658 GC heap after
Heap after GC invocations=9 (full 2):
 PSYoungGen      total 112640K, used 0K [0x00000000f5580000, 0x0000000100000000, 0x0000000100000000)
  eden space 100352K, 0% used [0x00000000f5580000,0x00000000f5580000,0x00000000fb780000)
  from space 12288K, 0% used [0x00000000fb780000,0x00000000fb780000,0x00000000fc380000)
  to   space 12800K, 0% used [0x00000000ff380000,0x00000000ff380000,0x0000000100000000)
 ParOldGen       total 175104K, used 16780K [0x00000000e0000000, 0x00000000eab00000, 0x00000000f5580000)
  object space 175104K, 9% used [0x00000000e0000000,0x00000000e1063130,0x00000000eab00000)
 Metaspace       used 34271K, capacity 35308K, committed 35456K, reserved 1079296K
  class space    used 4823K, capacity 5135K, committed 5248K, reserved 1048576K
}
Event: 7.824 GC heap before
{Heap before GC invocations=10 (full 2):
 PSYoungGen      total 112640K, used 100352K [0x00000000f5580000, 0x0000000100000000, 0x0000000100000000)
  eden space 100352K, 100% used [0x00000000f5580000,0x00000000fb780000,0x00000000fb780000)
  from space 12288K, 0% used [0x00000000fb780000,0x00000000fb780000,0x00000000fc380000)
  to   space 12800K, 0% used [0x00000000ff380000,0x00000000ff380000,0x0000000100000000)
 ParOldGen       total 175104K, used 16780K [0x00000000e0000000, 0x00000000eab00000, 0x00000000f5580000)
  object space 175104K, 9% used [0x00000000e0000000,0x00000000e1063130,0x00000000eab00000)
 Metaspace       used 42741K, capacity 44396K, committed 44544K, reserved 1087488K
  class space    used 5930K, capacity 6379K, committed 6400K, reserved 1048576K
Event: 7.832 GC heap after
Heap after GC invocations=10 (full 2):
 PSYoungGen      total 160768K, used 11102K [0x00000000f5580000, 0x0000000100000000, 0x0000000100000000)
  eden space 147968K, 0% used [0x00000000f5580000,0x00000000f5580000,0x00000000fe600000)
  from space 12800K, 86% used [0x00000000ff380000,0x00000000ffe57a80,0x0000000100000000)
  to   space 13312K, 0% used [0x00000000fe600000,0x00000000fe600000,0x00000000ff300000)
 ParOldGen       total 175104K, used 16788K [0x00000000e0000000, 0x00000000eab00000, 0x00000000f5580000)
  object space 175104K, 9% used [0x00000000e0000000,0x00000000e1065130,0x00000000eab00000)
 Metaspace       used 42741K, capacity 44396K, committed 44544K, reserved 1087488K
  class space    used 5930K, capacity 6379K, committed 6400K, reserved 1048576K
}

